<?xml version="1.0" encoding="UTF-8"?>
<!-- Generated by org.testng.reporters.JUnitReportReporter -->
<testsuite hostname="SPAROPA-IN-LE01" name="com.experitest.auto.JustTest" tests="1" failures="0" timestamp="6 Jun 2018 12:11:22 GMT" time="53.174" errors="1">
  <testcase name="testUntitled" time="53.174" classname="com.experitest.auto.JustTest">
    <error type="org.openqa.selenium.NoSuchElementException" message="no such element (An element could not be located on the page using the given search parameters (XPATH=&#039;(//*[@class=&#039;UIKBKeyplaneView&#039;]/*[@class=&#039;UIKBKeyView&#039;])[5]&#039;))  (WARNING: The server did not provide any stacktrace information)
Command duration or timeout: 1.53 seconds
For documentation on this error, please visit: http://seleniumhq.org/exceptions/no_such_element.html
Build info: version: &#039;2.53.1&#039;, revision: &#039;a36b8b1cd5757287168e54b817830adce9b0158d&#039;, time: &#039;2016-06-30 19:26:09&#039;
System info: host: &#039;SPAROPA-IN-LE01&#039;, ip: &#039;192.168.56.1&#039;, os.name: &#039;Windows 10&#039;, os.arch: &#039;amd64&#039;, os.version: &#039;10.0&#039;, java.version: &#039;1.8.0_161&#039;
Driver info: io.appium.java_client.ios.IOSDriver
Capabilities [{device.majorVersion=11.0.x, dontGoHomeOnQuit=false, device.os=iOS, noReset=false, dontStopAppOnReset=false, reservationDuration=240, reportFormat=xml, fullReset=false, platform=ANY, desired={app=C:\Users\sparopa\AppData\Roaming\appiumstudio\original-apks\BrowserO.ipa, instrumentApp=true, bundleId=com.experitest.BrowserO, reportDirectory=reports, reportFormat=xml, udid=463cc4504c5de3fd59b4aea91c0b992ec8ed4f18, platformName=iOS, testName=Untitled}, device.serialNumber=463cc4504c5de3fd59b4aea91c0b992ec8ed4f18, locationServicesAuthorized=false, device.version=11.4, automationName=XCUITest, reportDirectory=reports, autoWebview=false, udid=463cc4504c5de3fd59b4aea91c0b992ec8ed4f18, platformName=iOS, testName=Untitled, device.screenSize=750x1334, useKeystore=false, app=C:\Users\sparopa\AppData\Roaming\appiumstudio\original-apks\BrowserO.ipa, instrumentApp=true, device.manufacture=Apple, device.category=PHONE, bundleId=com.TAK5GCU323_com.experitest.BrowserO, autoDismissAlerts=false, reportUrl=C:\Users\sparopa\appiumstudio-reports\reports\test1, keystorePath=~/.android/debug.keystore, waitForDeviceTimeout=120000, device.model=iPhone 6s, device.name=iPhone, autoGrantPermissions=false, projectName=, autoAcceptAlerts=false}]
Session ID: 072036a2-c86d-4a8c-aa7b-b2f110662a5c
*** Element info: {Using=xpath, value=(//*[@class=&#039;UIKBKeyplaneView&#039;]/*[@class=&#039;UIKBKeyView&#039;])[5]}">
      <![CDATA[org.openqa.selenium.NoSuchElementException: no such element (An element could not be located on the page using the given search parameters (XPATH='(//*[@class='UIKBKeyplaneView']/*[@class='UIKBKeyView'])[5]'))  (WARNING: The server did not provide any stacktrace information)
Command duration or timeout: 1.53 seconds
For documentation on this error, please visit: http://seleniumhq.org/exceptions/no_such_element.html
Build info: version: '2.53.1', revision: 'a36b8b1cd5757287168e54b817830adce9b0158d', time: '2016-06-30 19:26:09'
System info: host: 'SPAROPA-IN-LE01', ip: '192.168.56.1', os.name: 'Windows 10', os.arch: 'amd64', os.version: '10.0', java.version: '1.8.0_161'
Driver info: io.appium.java_client.ios.IOSDriver
Capabilities [{device.majorVersion=11.0.x, dontGoHomeOnQuit=false, device.os=iOS, noReset=false, dontStopAppOnReset=false, reservationDuration=240, reportFormat=xml, fullReset=false, platform=ANY, desired={app=C:\Users\sparopa\AppData\Roaming\appiumstudio\original-apks\BrowserO.ipa, instrumentApp=true, bundleId=com.experitest.BrowserO, reportDirectory=reports, reportFormat=xml, udid=463cc4504c5de3fd59b4aea91c0b992ec8ed4f18, platformName=iOS, testName=Untitled}, device.serialNumber=463cc4504c5de3fd59b4aea91c0b992ec8ed4f18, locationServicesAuthorized=false, device.version=11.4, automationName=XCUITest, reportDirectory=reports, autoWebview=false, udid=463cc4504c5de3fd59b4aea91c0b992ec8ed4f18, platformName=iOS, testName=Untitled, device.screenSize=750x1334, useKeystore=false, app=C:\Users\sparopa\AppData\Roaming\appiumstudio\original-apks\BrowserO.ipa, instrumentApp=true, device.manufacture=Apple, device.category=PHONE, bundleId=com.TAK5GCU323_com.experitest.BrowserO, autoDismissAlerts=false, reportUrl=C:\Users\sparopa\appiumstudio-reports\reports\test1, keystorePath=~/.android/debug.keystore, waitForDeviceTimeout=120000, device.model=iPhone 6s, device.name=iPhone, autoGrantPermissions=false, projectName=, autoAcceptAlerts=false}]
Session ID: 072036a2-c86d-4a8c-aa7b-b2f110662a5c
*** Element info: {Using=xpath, value=(//*[@class='UIKBKeyplaneView']/*[@class='UIKBKeyView'])[5]}
	at sun.reflect.NativeConstructorAccessorImpl.newInstance0(Native Method)
	at sun.reflect.NativeConstructorAccessorImpl.newInstance(Unknown Source)
	at sun.reflect.DelegatingConstructorAccessorImpl.newInstance(Unknown Source)
	at java.lang.reflect.Constructor.newInstance(Unknown Source)
	at org.openqa.selenium.remote.ErrorHandler.createThrowable(ErrorHandler.java:206)
	at org.openqa.selenium.remote.ErrorHandler.throwIfResponseFailed(ErrorHandler.java:158)
	at org.openqa.selenium.remote.RemoteWebDriver.execute(RemoteWebDriver.java:678)
	at io.appium.java_client.DefaultGenericMobileDriver.execute(DefaultGenericMobileDriver.java:40)
	at io.appium.java_client.AppiumDriver.execute(AppiumDriver.java:1)
	at io.appium.java_client.ios.IOSDriver.execute(IOSDriver.java:1)
	at org.openqa.selenium.remote.RemoteWebDriver.findElement(RemoteWebDriver.java:363)
	at io.appium.java_client.DefaultGenericMobileDriver.findElement(DefaultGenericMobileDriver.java:56)
	at io.appium.java_client.AppiumDriver.findElement(AppiumDriver.java:1)
	at io.appium.java_client.ios.IOSDriver.findElement(IOSDriver.java:1)
	at org.openqa.selenium.remote.RemoteWebDriver.findElementByXPath(RemoteWebDriver.java:500)
	at io.appium.java_client.DefaultGenericMobileDriver.findElementByXPath(DefaultGenericMobileDriver.java:134)
	at io.appium.java_client.AppiumDriver.findElementByXPath(AppiumDriver.java:1)
	at io.appium.java_client.ios.IOSDriver.findElementByXPath(IOSDriver.java:1)
	at org.openqa.selenium.By$ByXPath.findElement(By.java:361)
	at org.openqa.selenium.remote.RemoteWebDriver.findElement(RemoteWebDriver.java:355)
	at io.appium.java_client.DefaultGenericMobileDriver.findElement(DefaultGenericMobileDriver.java:52)
	at io.appium.java_client.AppiumDriver.findElement(AppiumDriver.java:1)
	at io.appium.java_client.ios.IOSDriver.findElement(IOSDriver.java:1)
	at com.experitest.auto.JustTest.testUntitled(JustTest.java:44)
	at sun.reflect.NativeMethodAccessorImpl.invoke0(Native Method)
	at sun.reflect.NativeMethodAccessorImpl.invoke(Unknown Source)
	at sun.reflect.DelegatingMethodAccessorImpl.invoke(Unknown Source)
	at java.lang.reflect.Method.invoke(Unknown Source)
	at org.testng.internal.MethodInvocationHelper.invokeMethod(MethodInvocationHelper.java:85)
	at org.testng.internal.Invoker.invokeMethod(Invoker.java:639)
	at org.testng.internal.Invoker.invokeTestMethod(Invoker.java:816)
	at org.testng.internal.Invoker.invokeTestMethods(Invoker.java:1124)
	at org.testng.internal.TestMethodWorker.invokeTestMethods(TestMethodWorker.java:125)
	at org.testng.internal.TestMethodWorker.run(TestMethodWorker.java:108)
	at org.testng.TestRunner.privateRun(TestRunner.java:774)
	at org.testng.TestRunner.run(TestRunner.java:624)
	at org.testng.SuiteRunner.runTest(SuiteRunner.java:359)
	at org.testng.SuiteRunner.runSequentially(SuiteRunner.java:354)
	at org.testng.SuiteRunner.privateRun(SuiteRunner.java:312)
	at org.testng.SuiteRunner.run(SuiteRunner.java:261)
	at org.testng.SuiteRunnerWorker.runSuite(SuiteRunnerWorker.java:52)
	at org.testng.SuiteRunnerWorker.run(SuiteRunnerWorker.java:86)
	at org.testng.TestNG.runSuitesSequentially(TestNG.java:1215)
	at org.testng.TestNG.runSuitesLocally(TestNG.java:1140)
	at org.testng.TestNG.run(TestNG.java:1048)
	at org.testng.remote.AbstractRemoteTestNG.run(AbstractRemoteTestNG.java:114)
	at org.testng.remote.RemoteTestNG.initAndRun(RemoteTestNG.java:251)
	at org.testng.remote.RemoteTestNG.main(RemoteTestNG.java:77)
]]>
    </error>
  </testcase> <!-- testUntitled -->
</testsuite> <!-- com.experitest.auto.JustTest -->
